core/build/outputs/mapping/release/configuration.txt
# The proguard configuration file for the following section is release/generateReleaseLibraryProguardRules/aapt_rules.txt
# Generated by the gradle plugin
-keep class androidx.constraintlayout.widget.ConstraintLayout { <init>(...); }
-keep class com.google.android.material.card.MaterialCardView { <init>(...); }
-keep class com.google.android.material.imageview.ShapeableImageView { <init>(...); }

# End of content from release/generateReleaseLibraryProguardRules/aapt_rules.txt
# The proguard configuration file for the following section is default_proguard_files/global/proguard-android-optimize.txt-9.2.1
# This is a configuration file for ProGuard.
# http://proguard.sourceforge.net/index.html#manual/usage.html
#
# Starting with version 2.2 of the Android plugin for Gradle, this file is distributed together with
# the plugin and unpacked at build-time. The files in $ANDROID_HOME are no longer maintained and
# will be ignored by new version of the Android plugin for Gradle.

# Optimizations: If you don't want to optimize, use the proguard-android.txt configuration file
# instead of this one, which turns off the optimization flags.
-allowaccessmodification

# Preserve some attributes that may be required for reflection.
-keepattributes AnnotationDefault,
                EnclosingMethod,
                InnerClasses,
                RuntimeVisibleAnnotations,
                RuntimeVisibleParameterAnnotations,
                RuntimeVisibleTypeAnnotations,
                Signature

-keep public class com.google.vending.licensing.ILicensingService
-keep public class com.android.vending.licensing.ILicensingService
-keep public class com.google.android.vending.licensing.ILicensingService
-dontnote com.android.vending.licensing.ILicensingService
-dontnote com.google.vending.licensing.ILicensingService
-dontnote com.google.android.vending.licensing.ILicensingService

# For native methods, see https://www.guardsquare.com/manual/configuration/examples#native
-keepclasseswithmembernames,includedescriptorclasses class * {
    native <methods>;
}

# Keep setters in Views so that animations can still work.
-keepclassmembers public class * extends android.view.View {
    void set*(***);
    *** get*();
}

# We want to keep methods in Activity that could be used in the XML attribute onClick.
-keepclassmembers class * extends android.app.Activity {
    public void *(android.view.View);
}

# For enumeration classes, see https://www.guardsquare.com/manual/configuration/examples#enumerations
-keepclassmembers enum * {
    public static **[] values();
    public static ** valueOf(java.lang.String);
}

-keepclassmembers class * implements android.os.Parcelable {
    public static final ** CREATOR;
}

# Preserve annotated Javascript interface methods.
-keepclassmembers class * {
    @android.webkit.JavascriptInterface <methods>;
}

# The support libraries contains references to newer platform versions.
# Don't warn about those in case this app is linking against an older
# platform version. We know about them, and they are safe.
-dontnote android.support.**
-dontnote androidx.**
-dontwarn android.support.**
-dontwarn androidx.**

# Understand the @Keep support annotation.
-keep class android.support.annotation.Keep

-keep @android.support.annotation.Keep class * {*;}

-keepclasseswithmembers class * {
    @android.support.annotation.Keep <methods>;
}

-keepclasseswithmembers class * {
    @android.support.annotation.Keep <fields>;
}

-keepclasseswithmembers class * {
    @android.support.annotation.Keep <init>(...);
}

# These classes are duplicated between android.jar and org.apache.http.legacy.jar.
-dontnote org.apache.http.**
-dontnote android.net.http.**

# These classes are duplicated between android.jar and core-lambda-stubs.jar.
-dontnote java.lang.invoke.**

# End of content from default_proguard_files/global/proguard-android-optimize.txt-9.2.1
# The proguard configuration file for the following section is CapstoneAndroidExpert/core/proguard-rules.pro

# End of content from CapstoneAndroidExpert/core/proguard-rules.pro
# The proguard configuration file for the following section is com.github.bumptech.glide:glide:4.16.0 (extracted file: /Users/dimasfahrul/.gradle/caches/9.4.1/transforms/386f4b0f19102854bc1f8b5cdcdf7a52/transformed/jetified-glide-4.16.0/proguard.txt)
-keep public class * implements com.bumptech.glide.module.GlideModule
-keep class * extends com.bumptech.glide.module.AppGlideModule {
 <init>(...);
}
-keep public enum com.bumptech.glide.load.ImageHeaderParser$** {
  **[] $VALUES;
  public *;
}
-keep class com.bumptech.glide.load.data.ParcelFileDescriptorRewinder$InternalRewinder {
  *** rewind();
}

# Uncomment for DexGuard only
#-keepresourcexmlelements manifest/application/meta-data@value=GlideModule

# End of content from com.github.bumptech.glide:glide:4.16.0 (extracted file: /Users/dimasfahrul/.gradle/caches/9.4.1/transforms/386f4b0f19102854bc1f8b5cdcdf7a52/transformed/jetified-glide-4.16.0/proguard.txt)
# The proguard configuration file for the following section is com.google.android.material:material:1.14.0 (extracted file: /Users/dimasfahrul/.gradle/caches/9.4.1/transforms/80b7f2a49008dbd39eacf858b0a234a1/transformed/material-1.14.0/proguard.txt)
# Copyright (C) 2015 The Android Open Source Project
#
# Licensed under the Apache License, Version 2.0 (the "License");
# you may not use this file except in compliance with the License.
# You may obtain a copy of the License at
#
#      http://www.apache.org/licenses/LICENSE-2.0
#
# Unless required by applicable law or agreed to in writing, software
# distributed under the License is distributed on an "AS IS" BASIS,
# WITHOUT WARRANTIES OR CONDITIONS OF ANY KIND, either express or implied.
# See the License for the specific language governing permissions and
# limitations under the License.

# CoordinatorLayout resolves the behaviors of its child components with reflection.
-keep public class * extends androidx.coordinatorlayout.widget.CoordinatorLayout$Behavior {
    public <init>(android.content.Context, android.util.AttributeSet);
    public <init>();
}

# Make sure we keep annotations for CoordinatorLayout's DefaultBehavior
-keepattributes RuntimeVisible*Annotation*

# Copyright (C) 2018 The Android Open Source Project
#
# Licensed under the Apache License, Version 2.0 (the "License");
# you may not use this file except in compliance with the License.
# You may obtain a copy of the License at
#
#      http://www.apache.org/licenses/LICENSE-2.0
#
# Unless required by applicable law or agreed to in writing, software
# distributed under the License is distributed on an "AS IS" BASIS,
# WITHOUT WARRANTIES OR CONDITIONS OF ANY KIND, either express or implied.
# See the License for the specific language governing permissions and
# limitations under the License.

# AppCompatViewInflater reads the viewInflaterClass theme attribute which then
# reflectively instantiates MaterialComponentsViewInflater using the no-argument
# constructor. We only need to keep this constructor and the class name if
# AppCompatViewInflater is also being kept.
-if class androidx.appcompat.app.AppCompatViewInflater
-keep class com.google.android.material.theme.MaterialComponentsViewInflater {
    <init>();
}

-keep class com.google.android.material.focus.FocusRingDrawable {
    <init>();
}

# End of content from com.google.android.material:material:1.14.0 (extracted file: /Users/dimasfahrul/.gradle/caches/9.4.1/transforms/80b7f2a49008dbd39eacf858b0a234a1/transformed/material-1.14.0/proguard.txt)
# The proguard configuration file for the following section is androidx.appcompat:appcompat:1.7.1 (extracted file: /Users/dimasfahrul/.gradle/caches/9.4.1/transforms/6fdfa6b12f00884207985541ff0d715e/transformed/appcompat-1.7.1/proguard.txt)
# Copyright (C) 2018 The Android Open Source Project
#
# Licensed under the Apache License, Version 2.0 (the "License");
# you may not use this file except in compliance with the License.
# You may obtain a copy of the License at
#
#      http://www.apache.org/licenses/LICENSE-2.0
#
# Unless required by applicable law or agreed to in writing, software
# distributed under the License is distributed on an "AS IS" BASIS,
# WITHOUT WARRANTIES OR CONDITIONS OF ANY KIND, either express or implied.
# See the License for the specific language governing permissions and
# limitations under the License.

# Never inline methods, but allow shrinking and obfuscation.
-keepclassmembernames,allowobfuscation,allowshrinking class androidx.appcompat.widget.AppCompatTextViewAutoSizeHelper$Impl* {
  <methods>;
}

# End of content from androidx.appcompat:appcompat:1.7.1 (extracted file: /Users/dimasfahrul/.gradle/caches/9.4.1/transforms/6fdfa6b12f00884207985541ff0d715e/transformed/appcompat-1.7.1/proguard.txt)
# The proguard configuration file for the following section is androidx.fragment:fragment:1.8.5 (extracted file: /Users/dimasfahrul/.gradle/caches/9.4.1/transforms/7ba30203d753ab2bf5b1441caf5f92a9/transformed/fragment-1.8.5/proguard.txt)
# Copyright (C) 2020 The Android Open Source Project
#
# Licensed under the Apache License, Version 2.0 (the "License");
# you may not use this file except in compliance with the License.
# You may obtain a copy of the License at
#
#      http://www.apache.org/licenses/LICENSE-2.0
#
# Unless required by applicable law or agreed to in writing, software
# distributed under the License is distributed on an "AS IS" BASIS,
# WITHOUT WARRANTIES OR CONDITIONS OF ANY KIND, either express or implied.
# See the License for the specific language governing permissions and
# limitations under the License.

# The default FragmentFactory creates Fragment instances using reflection
-if public class ** extends androidx.fragment.app.Fragment
-keepclasseswithmembers,allowobfuscation public class <1> {
    public <init>();
}

# FragmentTransition will reflectively lookup:
# androidx.transition.FragmentTransitionSupport
# We should ensure that we keep the constructor if the code using this is alive
-if class androidx.fragment.app.FragmentTransition {
   private static androidx.fragment.app.FragmentTransitionImpl resolveSupportImpl();
}
-keep class androidx.transition.FragmentTransitionSupport {
    public <init>();
}

# End of content from androidx.fragment:fragment:1.8.5 (extracted file: /Users/dimasfahrul/.gradle/caches/9.4.1/transforms/7ba30203d753ab2bf5b1441caf5f92a9/transformed/fragment-1.8.5/proguard.txt)
# The proguard configuration file for the following section is androidx.savedstate:savedstate:1.2.1 (extracted file: /Users/dimasfahrul/.gradle/caches/9.4.1/transforms/e3702674ad929f3f66c2de42a2faf7c0/transformed/jetified-savedstate-1.2.1/proguard.txt)
# Copyright (C) 2019 The Android Open Source Project
#
# Licensed under the Apache License, Version 2.0 (the "License");
# you may not use this file except in compliance with the License.
# You may obtain a copy of the License at
#
#      http://www.apache.org/licenses/LICENSE-2.0
#
# Unless required by applicable law or agreed to in writing, software
# distributed under the License is distributed on an "AS IS" BASIS,
# WITHOUT WARRANTIES OR CONDITIONS OF ANY KIND, either express or implied.
# See the License for the specific language governing permissions and
# limitations under the License.

-keepclassmembers,allowobfuscation class * implements androidx.savedstate.SavedStateRegistry$AutoRecreated {
    <init>();
}

# End of content from androidx.savedstate:savedstate:1.2.1 (extracted file: /Users/dimasfahrul/.gradle/caches/9.4.1/transforms/e3702674ad929f3f66c2de42a2faf7c0/transformed/jetified-savedstate-1.2.1/proguard.txt)
# The proguard configuration file for the following section is androidx.lifecycle:lifecycle-viewmodel-savedstate:2.8.7 (extracted file: /Users/dimasfahrul/.gradle/caches/9.4.1/transforms/a3c7899097c770ecfbd8eab723861ec4/transformed/jetified-lifecycle-viewmodel-savedstate-2.8.7/proguard.txt)
-keepclassmembers,allowobfuscation class * extends androidx.lifecycle.ViewModel {
    <init>(androidx.lifecycle.SavedStateHandle);
}

-keepclassmembers,allowobfuscation class * extends androidx.lifecycle.AndroidViewModel {
    <init>(android.app.Application,androidx.lifecycle.SavedStateHandle);
}

# End of content from androidx.lifecycle:lifecycle-viewmodel-savedstate:2.8.7 (extracted file: /Users/dimasfahrul/.gradle/caches/9.4.1/transforms/a3c7899097c770ecfbd8eab723861ec4/transformed/jetified-lifecycle-viewmodel-savedstate-2.8.7/proguard.txt)
# The proguard configuration file for the following section is androidx.core:core-ktx:1.18.0 (extracted file: /Users/dimasfahrul/.gradle/caches/9.4.1/transforms/6f5a80b25d60ec346cb937cd8707a09a/transformed/jetified-core-ktx-1.18.0/proguard.txt)
# Intentionally empty proguard rules to indicate this library is safe to shrink

# End of content from androidx.core:core-ktx:1.18.0 (extracted file: /Users/dimasfahrul/.gradle/caches/9.4.1/transforms/6f5a80b25d60ec346cb937cd8707a09a/transformed/jetified-core-ktx-1.18.0/proguard.txt)
# The proguard configuration file for the following section is androidx.coordinatorlayout:coordinatorlayout:1.1.0 (extracted file: /Users/dimasfahrul/.gradle/caches/9.4.1/transforms/5dc844bc5267f121a14c4975e6857d0b/transformed/coordinatorlayout-1.1.0/proguard.txt)
# Copyright (C) 2016 The Android Open Source Project
#
# Licensed under the Apache License, Version 2.0 (the "License");
# you may not use this file except in compliance with the License.
# You may obtain a copy of the License at
#
#      http://www.apache.org/licenses/LICENSE-2.0
#
# Unless required by applicable law or agreed to in writing, software
# distributed under the License is distributed on an "AS IS" BASIS,
# WITHOUT WARRANTIES OR CONDITIONS OF ANY KIND, either express or implied.
# See the License for the specific language governing permissions and
# limitations under the License.

# CoordinatorLayout resolves the behaviors of its child components with reflection.
-keep public class * extends androidx.coordinatorlayout.widget.CoordinatorLayout$Behavior {
    public <init>(android.content.Context, android.util.AttributeSet);
    public <init>();
}

# Make sure we keep annotations for CoordinatorLayout's DefaultBehavior and ViewPager's DecorView
-keepattributes *Annotation*

# End of content from androidx.coordinatorlayout:coordinatorlayout:1.1.0 (extracted file: /Users/dimasfahrul/.gradle/caches/9.4.1/transforms/5dc844bc5267f121a14c4975e6857d0b/transformed/coordinatorlayout-1.1.0/proguard.txt)
# The proguard configuration file for the following section is androidx.recyclerview:recyclerview:1.2.1 (extracted file: /Users/dimasfahrul/.gradle/caches/9.4.1/transforms/7cf2f7bc986200ea8ef1233141597c91/transformed/recyclerview-1.2.1/proguard.txt)
# Copyright (C) 2015 The Android Open Source Project
#
# Licensed under the Apache License, Version 2.0 (the "License");
# you may not use this file except in compliance with the License.
# You may obtain a copy of the License at
#
#      http://www.apache.org/licenses/LICENSE-2.0
#
# Unless required by applicable law or agreed to in writing, software
# distributed under the License is distributed on an "AS IS" BASIS,
# WITHOUT WARRANTIES OR CONDITIONS OF ANY KIND, either express or implied.
# See the License for the specific language governing permissions and
# limitations under the License.

# When layoutManager xml attribute is used, RecyclerView inflates
#LayoutManagers' constructors using reflection.
-keep public class * extends androidx.recyclerview.widget.RecyclerView$LayoutManager {
    public <init>(android.content.Context, android.util.AttributeSet, int, int);
    public <init>();
}

-keepclassmembers class androidx.recyclerview.widget.RecyclerView {
    public void suppressLayout(boolean);
    public boolean isLayoutSuppressed();
}
# End of content from androidx.recyclerview:recyclerview:1.2.1 (extracted file: /Users/dimasfahrul/.gradle/caches/9.4.1/transforms/7cf2f7bc986200ea8ef1233141597c91/transformed/recyclerview-1.2.1/proguard.txt)
# The proguard configuration file for the following section is androidx.customview:customview:1.2.0 (extracted file: /Users/dimasfahrul/.gradle/caches/9.4.1/transforms/25a552b37cbf981b31587530780e11ea/transformed/customview-1.2.0/proguard.txt)
# Intentionally empty proguard rules to indicate this library is safe to shrink

# End of content from androidx.customview:customview:1.2.0 (extracted file: /Users/dimasfahrul/.gradle/caches/9.4.1/transforms/25a552b37cbf981b31587530780e11ea/transformed/customview-1.2.0/proguard.txt)
# The proguard configuration file for the following section is androidx.transition:transition:1.5.0 (extracted file: /Users/dimasfahrul/.gradle/caches/9.4.1/transforms/d2d79dfddcf12562f3eda7c881aa6b85/transformed/transition-1.5.0/proguard.txt)
# Copyright (C) 2017 The Android Open Source Project
#
# Licensed under the Apache License, Version 2.0 (the "License");
# you may not use this file except in compliance with the License.
# You may obtain a copy of the License at
#
#      http://www.apache.org/licenses/LICENSE-2.0
#
# Unless required by applicable law or agreed to in writing, software
# distributed under the License is distributed on an "AS IS" BASIS,
# WITHOUT WARRANTIES OR CONDITIONS OF ANY KIND, either express or implied.
# See the License for the specific language governing permissions and
# limitations under the License.

# Keep a field in transition that is used to keep a reference to weakly-referenced object
-keepclassmembers class androidx.transition.ChangeBounds$* extends android.animation.AnimatorListenerAdapter {
  androidx.transition.ChangeBounds$ViewBounds mViewBounds;
}

# End of content from androidx.transition:transition:1.5.0 (extracted file: /Users/dimasfahrul/.gradle/caches/9.4.1/transforms/d2d79dfddcf12562f3eda7c881aa6b85/transformed/transition-1.5.0/proguard.txt)
# The proguard configuration file for the following section is androidx.dynamicanimation:dynamicanimation:1.1.0 (extracted file: /Users/dimasfahrul/.gradle/caches/9.4.1/transforms/f884f9f55620610bd525f1f6a119ad19/transformed/dynamicanimation-1.1.0/proguard.txt)
# Intentionally empty proguard rules to indicate this library is safe to shrink

# End of content from androidx.dynamicanimation:dynamicanimation:1.1.0 (extracted file: /Users/dimasfahrul/.gradle/caches/9.4.1/transforms/f884f9f55620610bd525f1f6a119ad19/transformed/dynamicanimation-1.1.0/proguard.txt)
# The proguard configuration file for the following section is androidx.vectordrawable:vectordrawable-animated:1.1.0 (extracted file: /Users/dimasfahrul/.gradle/caches/9.4.1/transforms/e002e93660592c8cf09167042695aa36/transformed/vectordrawable-animated-1.1.0/proguard.txt)
# Copyright (C) 2016 The Android Open Source Project
#
# Licensed under the Apache License, Version 2.0 (the "License");
# you may not use this file except in compliance with the License.
# You may obtain a copy of the License at
#
#      http://www.apache.org/licenses/LICENSE-2.0
#
# Unless required by applicable law or agreed to in writing, software
# distributed under the License is distributed on an "AS IS" BASIS,
# WITHOUT WARRANTIES OR CONDITIONS OF ANY KIND, either express or implied.
# See the License for the specific language governing permissions and
# limitations under the License.

# keep setters in VectorDrawables so that animations can still work.
-keepclassmembers class androidx.vectordrawable.graphics.drawable.VectorDrawableCompat$* {
   void set*(***);
   *** get*();
}

# End of content from androidx.vectordrawable:vectordrawable-animated:1.1.0 (extracted file: /Users/dimasfahrul/.gradle/caches/9.4.1/transforms/e002e93660592c8cf09167042695aa36/transformed/vectordrawable-animated-1.1.0/proguard.txt)
# The proguard configuration file for the following section is androidx.core:core:1.18.0 (extracted file: /Users/dimasfahrul/.gradle/caches/9.4.1/transforms/7c5c8ffd753a5f9098651f52eccad6ae/transformed/core-1.18.0/proguard.txt)