core/build/outputs/mapping/release/mapping.txt
# compiler: R8
# compiler_version: 9.2.14
# common_typos_disable
# {"id":"com.android.tools.r8.mapping","version":"2.2"}
# pg_map_id: 608bc05fc7db056b0464e02eba950eca9bc2e11f5f849d53485a835a30324e01
# pg_map_hash: SHA-256 608bc05fc7db056b0464e02eba950eca9bc2e11f5f849d53485a835a30324e01
com.example.capstoneandroidexpert.core.data.source.local.entity.MovieEntity -> a.a:
# {"id":"sourceFile","fileName":"MovieEntity.kt"}
com.example.capstoneandroidexpert.core.data.source.local.room.MovieDao_Impl -> b.a:
# {"id":"sourceFile","fileName":"MovieDao_Impl.java"}
com.example.capstoneandroidexpert.core.data.source.local.room.MovieDatabase -> com.example.capstoneandroidexpert.core.data.source.local.room.MovieDatabase:
# {"id":"sourceFile","fileName":"MovieDatabase.kt"}
com.example.capstoneandroidexpert.core.data.source.local.room.MovieDatabase_Impl -> com.example.capstoneandroidexpert.core.data.source.local.room.MovieDatabase_Impl:
# {"id":"sourceFile","fileName":"MovieDatabase_Impl.java"}
    1:1:java.util.List access$000(com.example.capstoneandroidexpert.core.data.source.local.room.MovieDatabase_Impl):28:28 -> a
    2:2:androidx.sqlite.db.SupportSQLiteDatabase access$202(com.example.capstoneandroidexpert.core.data.source.local.room.MovieDatabase_Impl,androidx.sqlite.db.SupportSQLiteDatabase):28:28 -> a
      # {"id":"com.android.tools.r8.residualsignature","signature":"(Lcom/example/capstoneandroidexpert/core/data/source/local/room/MovieDatabase_Impl;Landroidx/sqlite/db/SupportSQLiteDatabase;)V"}
    1:1:java.util.List access$100(com.example.capstoneandroidexpert.core.data.source.local.room.MovieDatabase_Impl):28:28 -> b
    2:2:void access$300(com.example.capstoneandroidexpert.core.data.source.local.room.MovieDatabase_Impl,androidx.sqlite.db.SupportSQLiteDatabase):28:28 -> b
    1:1:java.util.List access$400(com.example.capstoneandroidexpert.core.data.source.local.room.MovieDatabase_Impl):28:28 -> c
    1:11:void clearAllTables():124:134 -> clearAllTables
    12:17:void clearAllTables():131:136 -> clearAllTables
    1:3:androidx.room.InvalidationTracker createInvalidationTracker():117:119 -> createInvalidationTracker
com.example.capstoneandroidexpert.core.data.source.local.room.MovieDatabase_Impl$1 -> b.b:
# {"id":"sourceFile","fileName":"MovieDatabase_Impl.java"}
    com.example.capstoneandroidexpert.core.data.source.local.room.MovieDatabase_Impl this$0 -> a
    1:1:void <init>(com.example.capstoneandroidexpert.core.data.source.local.room.MovieDatabase_Impl,int):34:34 -> <init>
      # {"id":"com.android.tools.r8.residualsignature","signature":"(Lcom/example/capstoneandroidexpert/core/data/source/local/room/MovieDatabase_Impl;)V"}
    1:3:void createAllTables(androidx.sqlite.db.SupportSQLiteDatabase):37:39 -> createAllTables
    1:5:void dropAllTables(androidx.sqlite.db.SupportSQLiteDatabase):44:48 -> dropAllTables
    1:4:void onCreate(androidx.sqlite.db.SupportSQLiteDatabase):55:58 -> onCreate
    1:6:void onOpen(androidx.sqlite.db.SupportSQLiteDatabase):65:70 -> onOpen
    1:1:void onPostMigrate(androidx.sqlite.db.SupportSQLiteDatabase):82:82 -> onPostMigrate
    1:1:void onPreMigrate(androidx.sqlite.db.SupportSQLiteDatabase):77:77 -> onPreMigrate
    1:19:androidx.room.RoomOpenHelper$ValidationResult onValidateSchema(androidx.sqlite.db.SupportSQLiteDatabase):88:106 -> onValidateSchema