core/build/outputs/mapping/release/usage.txt
com.example.capstoneandroidexpert.core.R:
    private void <init>()
com.example.capstoneandroidexpert.core.data.MovieRepository$getAllMovie$1$loadFromDB$$inlined$map$1$2$1
com.example.capstoneandroidexpert.core.data.MovieRepository$getAllMovie$1$loadFromDB$$inlined$map$1$2
com.example.capstoneandroidexpert.core.data.MovieRepository$getAllMovie$1$loadFromDB$$inlined$map$1
com.example.capstoneandroidexpert.core.data.MovieRepository$getAllMovie$1
com.example.capstoneandroidexpert.core.data.MovieRepository$getFavoriteMovie$$inlined$map$1$2$1
com.example.capstoneandroidexpert.core.data.MovieRepository$getFavoriteMovie$$inlined$map$1$2
com.example.capstoneandroidexpert.core.data.MovieRepository$getFavoriteMovie$$inlined$map$1
com.example.capstoneandroidexpert.core.data.MovieRepository$getNowPlayingMovies$1
com.example.capstoneandroidexpert.core.data.MovieRepository$getPopularMovies$1
com.example.capstoneandroidexpert.core.data.MovieRepository$getTopRatedMovies$1
com.example.capstoneandroidexpert.core.data.MovieRepository$getUpcomingMovies$1
com.example.capstoneandroidexpert.core.data.MovieRepository$searchMovies$1
com.example.capstoneandroidexpert.core.data.MovieRepository
com.example.capstoneandroidexpert.core.data.NetworkBoundResource$result$1$invokeSuspend$$inlined$map$1$2$1
com.example.capstoneandroidexpert.core.data.NetworkBoundResource$result$1$invokeSuspend$$inlined$map$1$2
com.example.capstoneandroidexpert.core.data.NetworkBoundResource$result$1$invokeSuspend$$inlined$map$1
com.example.capstoneandroidexpert.core.data.NetworkBoundResource$result$1$invokeSuspend$$inlined$map$2$2$1
com.example.capstoneandroidexpert.core.data.NetworkBoundResource$result$1$invokeSuspend$$inlined$map$2$2
com.example.capstoneandroidexpert.core.data.NetworkBoundResource$result$1$invokeSuspend$$inlined$map$2
com.example.capstoneandroidexpert.core.data.NetworkBoundResource$result$1$invokeSuspend$$inlined$map$3$2$1
com.example.capstoneandroidexpert.core.data.NetworkBoundResource$result$1$invokeSuspend$$inlined$map$3$2
com.example.capstoneandroidexpert.core.data.NetworkBoundResource$result$1$invokeSuspend$$inlined$map$3
com.example.capstoneandroidexpert.core.data.NetworkBoundResource$result$1
com.example.capstoneandroidexpert.core.data.NetworkBoundResource
com.example.capstoneandroidexpert.core.data.Resource$Error
com.example.capstoneandroidexpert.core.data.Resource$Loading
com.example.capstoneandroidexpert.core.data.Resource$Success
com.example.capstoneandroidexpert.core.data.Resource
com.example.capstoneandroidexpert.core.data.source.local.LocalDataSource
com.example.capstoneandroidexpert.core.data.source.local.entity.MovieEntity:
    private java.lang.String backdropPath
    private boolean isFavorite
    private int movieId
    private java.lang.String overview
    private java.lang.String posterPath
    private java.lang.String releaseDate
    private java.lang.String title
    private double voteAverage
    public void <init>(int,java.lang.String,java.lang.String,java.lang.String,java.lang.String,java.lang.String,double,boolean)
    public synthetic void <init>(int,java.lang.String,java.lang.String,java.lang.String,java.lang.String,java.lang.String,double,boolean,int,kotlin.jvm.internal.DefaultConstructorMarker)
    public final int component1()
    public final java.lang.String component2()
    public final java.lang.String component3()
    public final java.lang.String component4()
    public final java.lang.String component5()
    public final java.lang.String component6()
    public final double component7()
    public final boolean component8()
    public final com.example.capstoneandroidexpert.core.data.source.local.entity.MovieEntity copy(int,java.lang.String,java.lang.String,java.lang.String,java.lang.String,java.lang.String,double,boolean)